app/build/outputs/logs/manifest-merger-debug-report.txt
-- Merging decision tree log ---
manifest
ADDED from src/main/AndroidManifest.xml:2:1-59:12
	xmlns:android
		ADDED from src/main/AndroidManifest.xml:3:3-61
	package
		ADDED from src/main/AndroidManifest.xml:4:3-31
		INJECTED from src/main/AndroidManifest.xml
		INJECTED from src/main/AndroidManifest.xml
	android:versionName
		ADDED from src/main/AndroidManifest.xml:6:3-37
		INJECTED from src/main/AndroidManifest.xml
		INJECTED from src/main/AndroidManifest.xml
	android:versionCode
		ADDED from src/main/AndroidManifest.xml:5:3-27
		INJECTED from src/main/AndroidManifest.xml
		INJECTED from src/main/AndroidManifest.xml
uses-sdk
ADDED from src/main/AndroidManifest.xml:8:3-9:34
	android:targetSdkVersion
		INJECTED from src/main/AndroidManifest.xml
		INJECTED from src/main/AndroidManifest.xml
	android:minSdkVersion
		ADDED from src/main/AndroidManifest.xml:9:5-31
		INJECTED from src/main/AndroidManifest.xml
		INJECTED from src/main/AndroidManifest.xml
application
ADDED from src/main/AndroidManifest.xml:11:3-41:17
	android:label
		ADDED from src/main/AndroidManifest.xml:12:5-37
	android:icon
		ADDED from src/main/AndroidManifest.xml:13:5-39
activity#org.mortbay.ijetty.IJetty
ADDED from src/main/AndroidManifest.xml:14:5-28:16
	android:screenOrientation
		ADDED from src/main/AndroidManifest.xml:19:7-41
	android:label
		ADDED from src/main/AndroidManifest.xml:16:7-39
	android:icon
		ADDED from src/main/AndroidManifest.xml:17:7-41
	android:multiprocess
		ADDED from src/main/AndroidManifest.xml:20:7-35
	android:theme
		ADDED from src/main/AndroidManifest.xml:18:7-42
	android:name
		ADDED from src/main/AndroidManifest.xml:15:7-29
	android:launchMode
		ADDED from src/main/AndroidManifest.xml:21:7-42
intent-filter#android.intent.action.MAIN+android.intent.category.LAUNCHER
ADDED from src/main/AndroidManifest.xml:22:7-27:23
action#android.intent.action.MAIN
ADDED from src/main/AndroidManifest.xml:23:9-24:55
	android:name
		ADDED from src/main/AndroidManifest.xml:24:11-52
category#android.intent.category.LAUNCHER
ADDED from src/main/AndroidManifest.xml:25:9-26:61
	android:name
		ADDED from src/main/AndroidManifest.xml:26:11-58
activity#org.mortbay.ijetty.IJettyEditor
ADDED from src/main/AndroidManifest.xml:30:5-32:45
	android:theme
		ADDED from src/main/AndroidManifest.xml:32:7-42
	android:name
		ADDED from src/main/AndroidManifest.xml:31:7-35
activity#org.mortbay.ijetty.IJettyDownloader
ADDED from src/main/AndroidManifest.xml:33:5-35:45
	android:theme
		ADDED from src/main/AndroidManifest.xml:35:7-42
	android:name
		ADDED from src/main/AndroidManifest.xml:34:7-39
activity#org.mortbay.ijetty.SdCardUnavailableActivity
ADDED from src/main/AndroidManifest.xml:36:5-38:45
	android:theme
		ADDED from src/main/AndroidManifest.xml:38:7-42
	android:name
		ADDED from src/main/AndroidManifest.xml:37:7-48
service#org.mortbay.ijetty.IJettyService
ADDED from src/main/AndroidManifest.xml:39:5-40:38
	android:name
		ADDED from src/main/AndroidManifest.xml:40:7-36
uses-permission#android.permission.READ_CONTACTS
ADDED from src/main/AndroidManifest.xml:43:3-44:55
	android:name
		ADDED from src/main/AndroidManifest.xml:44:5-52
uses-permission#android.permission.WRITE_CONTACTS
ADDED from src/main/AndroidManifest.xml:45:3-46:56
	android:name
		ADDED from src/main/AndroidManifest.xml:46:5-53
uses-permission#android.permission.WRITE_SETTINGS
ADDED from src/main/AndroidManifest.xml:47:3-48:56
	android:name
		ADDED from src/main/AndroidManifest.xml:48:5-53
uses-permission#android.permission.INTERNET
ADDED from src/main/AndroidManifest.xml:49:3-50:50
	android:name
		ADDED from src/main/AndroidManifest.xml:50:5-47
uses-permission#android.permission.WAKE_LOCK
ADDED from src/main/AndroidManifest.xml:51:3-52:51
	android:name
		ADDED from src/main/AndroidManifest.xml:52:5-48
uses-permission#android.permission.WRITE_EXTERNAL_STORAGE
ADDED from src/main/AndroidManifest.xml:53:3-54:64
	android:name
		ADDED from src/main/AndroidManifest.xml:54:5-61
uses-permission#android.permission.ACCESS_COARSE_LOCATION
ADDED from src/main/AndroidManifest.xml:55:3-56:64
	android:name
		ADDED from src/main/AndroidManifest.xml:56:5-61
uses-permission#android.permission.ACCESS_FINE_LOCATION
ADDED from src/main/AndroidManifest.xml:57:3-58:62
	android:name
		ADDED from src/main/AndroidManifest.xml:58:5-59